<?xml version="1.0" encoding="UTF-8"?>
<testng-results ignored="0" total="14" passed="14" failed="0" skipped="0">
  <reporter-output>
  </reporter-output>
  <suite started-at="2026-06-29T09:09:32 IST" name="Global Fintech Gateway Automation Suite" finished-at="2026-06-29T09:11:37 IST" duration-ms="125000">
    <groups>
    </groups>
    <test started-at="2026-06-29T09:09:32 IST" name="Phase 1 — Smoke Validation Matrix" finished-at="2026-06-29T09:10:11 IST" duration-ms="39787">
      <class name="tests.FintechTestRunner">
        <test-method is-config="true" signature="setUp()[pri:0, instance:tests.FintechTestRunner@7ef82753]" started-at="2026-06-29T09:09:32 IST" name="setUp" finished-at="2026-06-29T09:09:36 IST" duration-ms="3878" status="PASS">
          <reporter-output>
          </reporter-output>
        </test-method> <!-- setUp -->
        <test-method signature="executeFintechPaymentScenario(java.lang.String,java.lang.String,java.lang.String,java.lang.String,java.lang.String,java.lang.String,java.lang.String,java.lang.String,java.lang.String,java.lang.String,java.lang.String)[pri:0, instance:tests.FintechTestRunner@7ef82753]" started-at="2026-06-29T09:09:36 IST" name="executeFintechPaymentScenario" data-provider="paymentScenarios" finished-at="2026-06-29T09:09:43 IST" duration-ms="7474" status="PASS">
          <params>
            <param index="0">
              <value>
                <![CDATA[TC-001]]>
              </value>
            </param>
            <param index="1">
              <value>
                <![CDATA[Standard Pass]]>
              </value>
            </param>
            <param index="2">
              <value>
                <![CDATA[sk_live_51Nx8842US001]]>
              </value>
            </param>
            <param index="3">
              <value>
                <![CDATA[400222]]>
              </value>
            </param>
            <param index="4">
              <value>
                <![CDATA[CustomerPayBillOnline]]>
              </value>
            </param>
            <param index="5">
              <value>
                <![CDATA[12025551234]]>
              </value>
            </param>
            <param index="6">
              <value>
                <![CDATA[2500]]>
              </value>
            </param>
            <param index="7">
              <value>
                <![CDATA[INV-2026-US-001]]>
              </value>
            </param>
            <param index="8">
              <value>
                <![CDATA[NORMAL]]>
              </value>
            </param>
            <param index="9">
              <value>
                <![CDATA[Response Code [200] OK - Callback Received: [0] Success (Transaction Completed)]]>
              </value>
            </param>
            <param index="10">
              <value>
                <![CDATA[payment_data.json]]>
              </value>
            </param>
          </params>
          <reporter-output>
          </reporter-output>
        </test-method> <!-- executeFintechPaymentScenario -->
        <test-method is-config="true" signature="tearDown()[pri:0, instance:tests.FintechTestRunner@7ef82753]" started-at="2026-06-29T09:09:43 IST" name="tearDown" finished-at="2026-06-29T09:09:44 IST" duration-ms="432" status="PASS">
          <reporter-output>
          </reporter-output>
        </test-method> <!-- tearDown -->
        <test-method is-config="true" signature="setUp()[pri:0, instance:tests.FintechTestRunner@7ef82753]" started-at="2026-06-29T09:09:44 IST" name="setUp" finished-at="2026-06-29T09:09:45 IST" duration-ms="1283" status="PASS">
          <reporter-output>
          </reporter-output>
        </test-method> <!-- setUp -->
        <test-method signature="executeFintechPaymentScenario(java.lang.String,java.lang.String,java.lang.String,java.lang.String,java.lang.String,java.lang.String,java.lang.String,java.lang.String,java.lang.String,java.lang.String,java.lang.String)[pri:0, instance:tests.FintechTestRunner@7ef82753]" started-at="2026-06-29T09:09:45 IST" name="executeFintechPaymentScenario" data-provider="paymentScenarios" finished-at="2026-06-29T09:09:59 IST" duration-ms="14425" status="PASS">
          <params>
            <param index="0">
              <value>
                <![CDATA[TC-002]]>
              </value>
            </param>
            <param index="1">
              <value>
                <![CDATA[Resilience Spike]]>
              </value>
            </param>
            <param index="2">
              <value>
                <![CDATA[sk_live_51Nx8842US002]]>
              </value>
            </param>
            <param index="3">
              <value>
                <![CDATA[400222]]>
              </value>
            </param>
            <param index="4">
              <value>
                <![CDATA[CustomerPayBillOnline]]>
              </value>
            </param>
            <param index="5">
              <value>
                <![CDATA[12025559876]]>
              </value>
            </param>
            <param index="6">
              <value>
                <![CDATA[8750.5]]>
              </value>
            </param>
            <param index="7">
              <value>
                <![CDATA[INV-2026-US-002]]>
              </value>
            </param>
            <param index="8">
              <value>
                <![CDATA[NETWORK_LAG]]>
              </value>
            </param>
            <param index="9">
              <value>
                <![CDATA[Response Code [200] OK - Callback Received: [0] Success (Transaction Completed)]]>
              </value>
            </param>
            <param index="10">
              <value>
                <![CDATA[payment_data.json]]>
              </value>
            </param>
          </params>
          <reporter-output>
          </reporter-output>
        </test-method> <!-- executeFintechPaymentScenario -->
        <test-method is-config="true" signature="tearDown()[pri:0, instance:tests.FintechTestRunner@7ef82753]" started-at="2026-06-29T09:09:59 IST" name="tearDown" finished-at="2026-06-29T09:10:00 IST" duration-ms="329" status="PASS">
          <reporter-output>
          </reporter-output>
        </test-method> <!-- tearDown -->
        <test-method is-config="true" signature="setUp()[pri:0, instance:tests.FintechTestRunner@7ef82753]" started-at="2026-06-29T09:10:00 IST" name="setUp" finished-at="2026-06-29T09:10:01 IST" duration-ms="1353" status="PASS">
          <reporter-output>
          </reporter-output>
        </test-method> <!-- setUp -->
        <test-method signature="executeFintechPaymentScenario(java.lang.String,java.lang.String,java.lang.String,java.lang.String,java.lang.String,java.lang.String,java.lang.String,java.lang.String,java.lang.String,java.lang.String,java.lang.String)[pri:0, instance:tests.FintechTestRunner@7ef82753]" started-at="2026-06-29T09:10:01 IST" name="executeFintechPaymentScenario" data-provider="paymentScenarios" finished-at="2026-06-29T09:10:05 IST" duration-ms="4246" status="PASS">
          <params>
            <param index="0">
              <value>
                <![CDATA[TC-003]]>
              </value>
            </param>
            <param index="1">
              <value>
                <![CDATA[Compliance Drop]]>
              </value>
            </param>
            <param index="2">
              <value>
                <![CDATA[sk_live_51Nx8842US003]]>
              </value>
            </param>
            <param index="3">
              <value>
                <![CDATA[400222]]>
              </value>
            </param>
            <param index="4">
              <value>
                <![CDATA[CustomerPayBillOnline]]>
              </value>
            </param>
            <param index="5">
              <value>
                <![CDATA[12025551122]]>
              </value>
            </param>
            <param index="6">
              <value>
                <![CDATA[15000000]]>
              </value>
            </param>
            <param index="7">
              <value>
                <![CDATA[INV-2026-US-HIGH-VALUE]]>
              </value>
            </param>
            <param index="8">
              <value>
                <![CDATA[GATEWAY_TIMEOUT]]>
              </value>
            </param>
            <param index="9">
              <value>
                <![CDATA[Response Code [504] Gateway Timeout - Mobile Money Network (MMN) Core Rail Unreachable]]>
              </value>
            </param>
            <param index="10">
              <value>
                <![CDATA[payment_data.json]]>
              </value>
            </param>
          </params>
          <reporter-output>
          </reporter-output>
        </test-method> <!-- executeFintechPaymentScenario -->
        <test-method is-config="true" signature="tearDown()[pri:0, instance:tests.FintechTestRunner@7ef82753]" started-at="2026-06-29T09:10:05 IST" name="tearDown" finished-at="2026-06-29T09:10:05 IST" duration-ms="213" status="PASS">
          <reporter-output>
          </reporter-output>
        </test-method> <!-- tearDown -->
        <test-method is-config="true" signature="setUp()[pri:0, instance:tests.FintechTestRunner@7ef82753]" started-at="2026-06-29T09:10:05 IST" name="setUp" finished-at="2026-06-29T09:10:07 IST" duration-ms="1280" status="PASS">
          <reporter-output>
          </reporter-output>
        </test-method> <!-- setUp -->
        <test-method signature="executeFintechPaymentScenario(java.lang.String,java.lang.String,java.lang.String,java.lang.String,java.lang.String,java.lang.String,java.lang.String,java.lang.String,java.lang.String,java.lang.String,java.lang.String)[pri:0, instance:tests.FintechTestRunner@7ef82753]" started-at="2026-06-29T09:10:07 IST" name="executeFintechPaymentScenario" data-provider="paymentScenarios" finished-at="2026-06-29T09:10:11 IST" duration-ms="4354" status="PASS">
          <params>
            <param index="0">
              <value>
                <![CDATA[TC-004]]>
              </value>
            </param>
            <param index="1">
              <value>
                <![CDATA[Cross-Border Validation]]>
              </value>
            </param>
            <param index="2">
              <value>
                <![CDATA[sk_live_51Nx2291EU004]]>
              </value>
            </param>
            <param index="3">
              <value>
                <![CDATA[600100]]>
              </value>
            </param>
            <param index="4">
              <value>
                <![CDATA[CustomerBuyGoodsOnline]]>
              </value>
            </param>
            <param index="5">
              <value>
                <![CDATA[4915123456789]]>
              </value>
            </param>
            <param index="6">
              <value>
                <![CDATA[45000]]>
              </value>
            </param>
            <param index="7">
              <value>
                <![CDATA[INV-2026-EU-004]]>
              </value>
            </param>
            <param index="8">
              <value>
                <![CDATA[NORMAL]]>
              </value>
            </param>
            <param index="9">
              <value>
                <![CDATA[Response Code [200] OK - Callback Received: [0] Success (Transaction Completed)]]>
              </value>
            </param>
            <param index="10">
              <value>
                <![CDATA[payment_data.json]]>
              </value>
            </param>
          </params>
          <reporter-output>
          </reporter-output>
        </test-method> <!-- executeFintechPaymentScenario -->
        <test-method is-config="true" signature="tearDown()[pri:0, instance:tests.FintechTestRunner@7ef82753]" started-at="2026-06-29T09:10:11 IST" name="tearDown" finished-at="2026-06-29T09:10:11 IST" duration-ms="245" status="PASS">
          <reporter-output>
          </reporter-output>
        </test-method> <!-- tearDown -->
      </class> <!-- tests.FintechTestRunner -->
    </test> <!-- Phase 1 — Smoke Validation Matrix -->
    <test started-at="2026-06-29T09:10:11 IST" name="Phase 2 — Boundary Regression Matrix" finished-at="2026-06-29T09:11:37 IST" duration-ms="85181">
      <class name="tests.FintechTestRunner">
        <test-method is-config="true" signature="initExtentReport()[pri:0, instance:tests.FintechTestRunner@cc43f62]" started-at="2026-06-29T09:09:31 IST" name="initExtentReport" finished-at="2026-06-29T09:09:32 IST" duration-ms="353" status="PASS">
          <reporter-output>
          </reporter-output>
        </test-method> <!-- initExtentReport -->
        <test-method is-config="true" signature="setUp()[pri:0, instance:tests.FintechTestRunner@cc43f62]" started-at="2026-06-29T09:10:11 IST" name="setUp" finished-at="2026-06-29T09:10:13 IST" duration-ms="1363" status="PASS">
          <reporter-output>
          </reporter-output>
        </test-method> <!-- setUp -->
        <test-method signature="executeFintechPaymentScenario(java.lang.String,java.lang.String,java.lang.String,java.lang.String,java.lang.String,java.lang.String,java.lang.String,java.lang.String,java.lang.String,java.lang.String,java.lang.String)[pri:0, instance:tests.FintechTestRunner@cc43f62]" started-at="2026-06-29T09:10:13 IST" name="executeFintechPaymentScenario" data-provider="paymentScenarios" finished-at="2026-06-29T09:10:17 IST" duration-ms="4025" status="PASS">
          <params>
            <param index="0">
              <value>
                <![CDATA[TC001_Standard_Base_Currency_Pass]]>
              </value>
            </param>
            <param index="1">
              <value>
                <![CDATA[TC001_Standard_Base_Currency_Pass]]>
              </value>
            </param>
            <param index="2">
              <value>
                <![CDATA[sk_live_regression_default]]>
              </value>
            </param>
            <param index="3">
              <value>
                <![CDATA[400222]]>
              </value>
            </param>
            <param index="4">
              <value>
                <![CDATA[CustomerPayBillOnline]]>
              </value>
            </param>
            <param index="5">
              <value>
                <![CDATA[+12025550143]]>
              </value>
            </param>
            <param index="6">
              <value>
                <![CDATA[1500]]>
              </value>
            </param>
            <param index="7">
              <value>
                <![CDATA[Dhiraj Autade]]>
              </value>
            </param>
            <param index="8">
              <value>
                <![CDATA[NORMAL]]>
              </value>
            </param>
            <param index="9">
              <value>
                <![CDATA[Response Code [200] OK - Callback Received: [0] Success (Transaction Completed)]]>
              </value>
            </param>
            <param index="10">
              <value>
                <![CDATA[regression_suite.json]]>
              </value>
            </param>
          </params>
          <reporter-output>
          </reporter-output>
        </test-method> <!-- executeFintechPaymentScenario -->
        <test-method is-config="true" signature="tearDown()[pri:0, instance:tests.FintechTestRunner@cc43f62]" started-at="2026-06-29T09:10:17 IST" name="tearDown" finished-at="2026-06-29T09:10:17 IST" duration-ms="168" status="PASS">
          <reporter-output>
          </reporter-output>
        </test-method> <!-- tearDown -->
        <test-method is-config="true" signature="setUp()[pri:0, instance:tests.FintechTestRunner@cc43f62]" started-at="2026-06-29T09:10:17 IST" name="setUp" finished-at="2026-06-29T09:10:18 IST" duration-ms="1315" status="PASS">
          <reporter-output>
          </reporter-output>
        </test-method> <!-- setUp -->
        <test-method signature="executeFintechPaymentScenario(java.lang.String,java.lang.String,java.lang.String,java.lang.String,java.lang.String,java.lang.String,java.lang.String,java.lang.String,java.lang.String,java.lang.String,java.lang.String)[pri:0, instance:tests.FintechTestRunner@cc43f62]" started-at="2026-06-29T09:10:18 IST" name="executeFintechPaymentScenario" data-provider="paymentScenarios" finished-at="2026-06-29T09:10:32 IST" duration-ms="13749" status="PASS">
          <params>
            <param index="0">
              <value>
                <![CDATA[TC002_Network_Core_Latency_Spike]]>
              </value>
            </param>
            <param index="1">
              <value>
                <![CDATA[TC002_Network_Core_Latency_Spike]]>
              </value>
            </param>
            <param index="2">
              <value>
                <![CDATA[sk_live_regression_default]]>
              </value>
            </param>
            <param index="3">
              <value>
                <![CDATA[400222]]>
              </value>
            </param>
            <param index="4">
              <value>
                <![CDATA[CustomerPayBillOnline]]>
              </value>
            </param>
            <param index="5">
              <value>
                <![CDATA[+12025550198]]>
              </value>
            </param>
            <param index="6">
              <value>
                <![CDATA[2500]]>
              </value>
            </param>
            <param index="7">
              <value>
                <![CDATA[John Doe]]>
              </value>
            </param>
            <param index="8">
              <value>
                <![CDATA[NETWORK_LAG]]>
              </value>
            </param>
            <param index="9">
              <value>
                <![CDATA[Response Code [200] OK - Callback Received: [0] Success (Transaction Completed)]]>
              </value>
            </param>
            <param index="10">
              <value>
                <![CDATA[regression_suite.json]]>
              </value>
            </param>
          </params>
          <reporter-output>
          </reporter-output>
        </test-method> <!-- executeFintechPaymentScenario -->
        <test-method is-config="true" signature="tearDown()[pri:0, instance:tests.FintechTestRunner@cc43f62]" started-at="2026-06-29T09:10:32 IST" name="tearDown" finished-at="2026-06-29T09:10:32 IST" duration-ms="412" status="PASS">
          <reporter-output>
          </reporter-output>
        </test-method> <!-- tearDown -->
        <test-method is-config="true" signature="setUp()[pri:0, instance:tests.FintechTestRunner@cc43f62]" started-at="2026-06-29T09:10:32 IST" name="setUp" finished-at="2026-06-29T09:10:34 IST" duration-ms="1260" status="PASS">
          <reporter-output>
          </reporter-output>
        </test-method> <!-- setUp -->
        <test-method signature="executeFintechPaymentScenario(java.lang.String,java.lang.String,java.lang.String,java.lang.String,java.lang.String,java.lang.String,java.lang.String,java.lang.String,java.lang.String,java.lang.String,java.lang.String)[pri:0, instance:tests.FintechTestRunner@cc43f62]" started-at="2026-06-29T09:10:34 IST" name="executeFintechPaymentScenario" data-provider="paymentScenarios" finished-at="2026-06-29T09:10:37 IST" duration-ms="3607" status="PASS">
          <params>
            <param index="0">
              <value>
                <![CDATA[TC003_Regulatory_Gateway_Dropout]]>
              </value>
            </param>
            <param index="1">
              <value>
                <![CDATA[TC003_Regulatory_Gateway_Dropout]]>
              </value>
            </param>
            <param index="2">
              <value>
                <![CDATA[sk_live_regression_default]]>
              </value>
            </param>
            <param index="3">
              <value>
                <![CDATA[400222]]>
              </value>
            </param>
            <param index="4">
              <value>
                <![CDATA[CustomerPayBillOnline]]>
              </value>
            </param>
            <param index="5">
              <value>
                <![CDATA[+12025550177]]>
              </value>
            </param>
            <param index="6">
              <value>
                <![CDATA[50000]]>
              </value>
            </param>
            <param index="7">
              <value>
                <![CDATA[Jane Smith]]>
              </value>
            </param>
            <param index="8">
              <value>
                <![CDATA[GATEWAY_TIMEOUT]]>
              </value>
            </param>
            <param index="9">
              <value>
                <![CDATA[Response Code [504] Gateway Timeout - Mobile Money Network (MMN) Core Rail Unreachable]]>
              </value>
            </param>
            <param index="10">
              <value>
                <![CDATA[regression_suite.json]]>
              </value>
            </param>
          </params>
          <reporter-output>
          </reporter-output>
        </test-method> <!-- executeFintechPaymentScenario -->
        <test-method is-config="true" signature="tearDown()[pri:0, instance:tests.FintechTestRunner@cc43f62]" started-at="2026-06-29T09:10:37 IST" name="tearDown" finished-at="2026-06-29T09:10:38 IST" duration-ms="410" status="PASS">
          <reporter-output>
          </reporter-output>
        </test-method> <!-- tearDown -->
        <test-method is-config="true" signature="setUp()[pri:0, instance:tests.FintechTestRunner@cc43f62]" started-at="2026-06-29T09:10:38 IST" name="setUp" finished-at="2026-06-29T09:10:39 IST" duration-ms="1189" status="PASS">
          <reporter-output>
          </reporter-output>
        </test-method> <!-- setUp -->
        <test-method signature="executeFintechPaymentScenario(java.lang.String,java.lang.String,java.lang.String,java.lang.String,java.lang.String,java.lang.String,java.lang.String,java.lang.String,java.lang.String,java.lang.String,java.lang.String)[pri:0, instance:tests.FintechTestRunner@cc43f62]" started-at="2026-06-29T09:10:39 IST" name="executeFintechPaymentScenario" data-provider="paymentScenarios" finished-at="2026-06-29T09:10:44 IST" duration-ms="4646" status="PASS">
          <params>
            <param index="0">
              <value>
                <![CDATA[TC004_Cross_Border_Secondary_Currency_Pass]]>
              </value>
            </param>
            <param index="1">
              <value>
                <![CDATA[TC004_Cross_Border_Secondary_Currency_Pass]]>
              </value>
            </param>
            <param index="2">
              <value>
                <![CDATA[sk_live_regression_default]]>
              </value>
            </param>
            <param index="3">
              <value>
                <![CDATA[400222]]>
              </value>
            </param>
            <param index="4">
              <value>
                <![CDATA[CustomerPayBillOnline]]>
              </value>
            </param>
            <param index="5">
              <value>
                <![CDATA[+442079460192]]>
              </value>
            </param>
            <param index="6">
              <value>
                <![CDATA[850]]>
              </value>
            </param>
            <param index="7">
              <value>
                <![CDATA[Alex Mercer]]>
              </value>
            </param>
            <param index="8">
              <value>
                <![CDATA[NORMAL]]>
              </value>
            </param>
            <param index="9">
              <value>
                <![CDATA[Response Code [200] OK - Callback Received: [0] Success (Transaction Completed)]]>
              </value>
            </param>
            <param index="10">
              <value>
                <![CDATA[regression_suite.json]]>
              </value>
            </param>
          </params>
          <reporter-output>
          </reporter-output>
        </test-method> <!-- executeFintechPaymentScenario -->
        <test-method is-config="true" signature="tearDown()[pri:0, instance:tests.FintechTestRunner@cc43f62]" started-at="2026-06-29T09:10:44 IST" name="tearDown" finished-at="2026-06-29T09:10:44 IST" duration-ms="162" status="PASS">
          <reporter-output>
          </reporter-output>
        </test-method> <!-- tearDown -->
        <test-method is-config="true" signature="setUp()[pri:0, instance:tests.FintechTestRunner@cc43f62]" started-at="2026-06-29T09:10:44 IST" name="setUp" finished-at="2026-06-29T09:10:45 IST" duration-ms="1315" status="PASS">
          <reporter-output>
          </reporter-output>
        </test-method> <!-- setUp -->
        <test-method signature="executeFintechPaymentScenario(java.lang.String,java.lang.String,java.lang.String,java.lang.String,java.lang.String,java.lang.String,java.lang.String,java.lang.String,java.lang.String,java.lang.String,java.lang.String)[pri:0, instance:tests.FintechTestRunner@cc43f62]" started-at="2026-06-29T09:10:45 IST" name="executeFintechPaymentScenario" data-provider="paymentScenarios" finished-at="2026-06-29T09:10:59 IST" duration-ms="14182" status="PASS">
          <params>
            <param index="0">
              <value>
                <![CDATA[TC005_Cross_Border_Latency_Spike]]>
              </value>
            </param>
            <param index="1">
              <value>
                <![CDATA[TC005_Cross_Border_Latency_Spike]]>
              </value>
            </param>
            <param index="2">
              <value>
                <![CDATA[sk_live_regression_default]]>
              </value>
            </param>
            <param index="3">
              <value>
                <![CDATA[400222]]>
              </value>
            </param>
            <param index="4">
              <value>
                <![CDATA[CustomerPayBillOnline]]>
              </value>
            </param>
            <param index="5">
              <value>
                <![CDATA[+442079460111]]>
              </value>
            </param>
            <param index="6">
              <value>
                <![CDATA[1200]]>
              </value>
            </param>
            <param index="7">
              <value>
                <![CDATA[Elena Rostova]]>
              </value>
            </param>
            <param index="8">
              <value>
                <![CDATA[NETWORK_LAG]]>
              </value>
            </param>
            <param index="9">
              <value>
                <![CDATA[Response Code [200] OK - Callback Received: [0] Success (Transaction Completed)]]>
              </value>
            </param>
            <param index="10">
              <value>
                <![CDATA[regression_suite.json]]>
              </value>
            </param>
          </params>
          <reporter-output>
          </reporter-output>
        </test-method> <!-- executeFintechPaymentScenario -->
        <test-method is-config="true" signature="tearDown()[pri:0, instance:tests.FintechTestRunner@cc43f62]" started-at="2026-06-29T09:10:59 IST" name="tearDown" finished-at="2026-06-29T09:11:00 IST" duration-ms="461" status="PASS">
          <reporter-output>
          </reporter-output>
        </test-method> <!-- tearDown -->
        <test-method is-config="true" signature="setUp()[pri:0, instance:tests.FintechTestRunner@cc43f62]" started-at="2026-06-29T09:11:00 IST" name="setUp" finished-at="2026-06-29T09:11:01 IST" duration-ms="1038" status="PASS">
          <reporter-output>
          </reporter-output>
        </test-method> <!-- setUp -->
        <test-method signature="executeFintechPaymentScenario(java.lang.String,java.lang.String,java.lang.String,java.lang.String,java.lang.String,java.lang.String,java.lang.String,java.lang.String,java.lang.String,java.lang.String,java.lang.String)[pri:0, instance:tests.FintechTestRunner@cc43f62]" started-at="2026-06-29T09:11:01 IST" name="executeFintechPaymentScenario" data-provider="paymentScenarios" finished-at="2026-06-29T09:11:04 IST" duration-ms="3780" status="PASS">
          <params>
            <param index="0">
              <value>
                <![CDATA[TC006_Secondary_Currency_Gateway_Dropout]]>
              </value>
            </param>
            <param index="1">
              <value>
                <![CDATA[TC006_Secondary_Currency_Gateway_Dropout]]>
              </value>
            </param>
            <param index="2">
              <value>
                <![CDATA[sk_live_regression_default]]>
              </value>
            </param>
            <param index="3">
              <value>
                <![CDATA[400222]]>
              </value>
            </param>
            <param index="4">
              <value>
                <![CDATA[CustomerPayBillOnline]]>
              </value>
            </param>
            <param index="5">
              <value>
                <![CDATA[+442079460144]]>
              </value>
            </param>
            <param index="6">
              <value>
                <![CDATA[31000]]>
              </value>
            </param>
            <param index="7">
              <value>
                <![CDATA[Marcus Vance]]>
              </value>
            </param>
            <param index="8">
              <value>
                <![CDATA[GATEWAY_TIMEOUT]]>
              </value>
            </param>
            <param index="9">
              <value>
                <![CDATA[Response Code [504] Gateway Timeout - Mobile Money Network (MMN) Core Rail Unreachable]]>
              </value>
            </param>
            <param index="10">
              <value>
                <![CDATA[regression_suite.json]]>
              </value>
            </param>
          </params>
          <reporter-output>
          </reporter-output>
        </test-method> <!-- executeFintechPaymentScenario -->
        <test-method is-config="true" signature="tearDown()[pri:0, instance:tests.FintechTestRunner@cc43f62]" started-at="2026-06-29T09:11:05 IST" name="tearDown" finished-at="2026-06-29T09:11:05 IST" duration-ms="232" status="PASS">
          <reporter-output>
          </reporter-output>
        </test-method> <!-- tearDown -->
        <test-method is-config="true" signature="setUp()[pri:0, instance:tests.FintechTestRunner@cc43f62]" started-at="2026-06-29T09:11:05 IST" name="setUp" finished-at="2026-06-29T09:11:06 IST" duration-ms="1274" status="PASS">
          <reporter-output>
          </reporter-output>
        </test-method> <!-- setUp -->
        <test-method signature="executeFintechPaymentScenario(java.lang.String,java.lang.String,java.lang.String,java.lang.String,java.lang.String,java.lang.String,java.lang.String,java.lang.String,java.lang.String,java.lang.String,java.lang.String)[pri:0, instance:tests.FintechTestRunner@cc43f62]" started-at="2026-06-29T09:11:06 IST" name="executeFintechPaymentScenario" data-provider="paymentScenarios" finished-at="2026-06-29T09:11:10 IST" duration-ms="4099" status="PASS">
          <params>
            <param index="0">
              <value>
                <![CDATA[TC007_Micro_Transaction_Boundary_Validation]]>
              </value>
            </param>
            <param index="1">
              <value>
                <![CDATA[TC007_Micro_Transaction_Boundary_Validation]]>
              </value>
            </param>
            <param index="2">
              <value>
                <![CDATA[sk_live_regression_default]]>
              </value>
            </param>
            <param index="3">
              <value>
                <![CDATA[400222]]>
              </value>
            </param>
            <param index="4">
              <value>
                <![CDATA[CustomerPayBillOnline]]>
              </value>
            </param>
            <param index="5">
              <value>
                <![CDATA[+12025550122]]>
              </value>
            </param>
            <param index="6">
              <value>
                <![CDATA[1]]>
              </value>
            </param>
            <param index="7">
              <value>
                <![CDATA[Siddharth Rao]]>
              </value>
            </param>
            <param index="8">
              <value>
                <![CDATA[NORMAL]]>
              </value>
            </param>
            <param index="9">
              <value>
                <![CDATA[Response Code [200] OK - Callback Received: [0] Success (Transaction Completed)]]>
              </value>
            </param>
            <param index="10">
              <value>
                <![CDATA[regression_suite.json]]>
              </value>
            </param>
          </params>
          <reporter-output>
          </reporter-output>
        </test-method> <!-- executeFintechPaymentScenario -->
        <test-method is-config="true" signature="tearDown()[pri:0, instance:tests.FintechTestRunner@cc43f62]" started-at="2026-06-29T09:11:10 IST" name="tearDown" finished-at="2026-06-29T09:11:10 IST" duration-ms="217" status="PASS">
          <reporter-output>
          </reporter-output>
        </test-method> <!-- tearDown -->
        <test-method is-config="true" signature="setUp()[pri:0, instance:tests.FintechTestRunner@cc43f62]" started-at="2026-06-29T09:11:10 IST" name="setUp" finished-at="2026-06-29T09:11:12 IST" duration-ms="1233" status="PASS">
          <reporter-output>
          </reporter-output>
        </test-method> <!-- setUp -->
        <test-method signature="executeFintechPaymentScenario(java.lang.String,java.lang.String,java.lang.String,java.lang.String,java.lang.String,java.lang.String,java.lang.String,java.lang.String,java.lang.String,java.lang.String,java.lang.String)[pri:0, instance:tests.FintechTestRunner@cc43f62]" started-at="2026-06-29T09:11:12 IST" name="executeFintechPaymentScenario" data-provider="paymentScenarios" finished-at="2026-06-29T09:11:15 IST" duration-ms="3857" status="PASS">
          <params>
            <param index="0">
              <value>
                <![CDATA[TC008_High_Value_Volume_Limit_Check]]>
              </value>
            </param>
            <param index="1">
              <value>
                <![CDATA[TC008_High_Value_Volume_Limit_Check]]>
              </value>
            </param>
            <param index="2">
              <value>
                <![CDATA[sk_live_regression_default]]>
              </value>
            </param>
            <param index="3">
              <value>
                <![CDATA[400222]]>
              </value>
            </param>
            <param index="4">
              <value>
                <![CDATA[CustomerPayBillOnline]]>
              </value>
            </param>
            <param index="5">
              <value>
                <![CDATA[+12025550155]]>
              </value>
            </param>
            <param index="6">
              <value>
                <![CDATA[999999]]>
              </value>
            </param>
            <param index="7">
              <value>
                <![CDATA[Amara Diallo]]>
              </value>
            </param>
            <param index="8">
              <value>
                <![CDATA[NORMAL]]>
              </value>
            </param>
            <param index="9">
              <value>
                <![CDATA[Response Code [200] OK - Callback Received: [0] Success (Transaction Completed)]]>
              </value>
            </param>
            <param index="10">
              <value>
                <![CDATA[regression_suite.json]]>
              </value>
            </param>
          </params>
          <reporter-output>
          </reporter-output>
        </test-method> <!-- executeFintechPaymentScenario -->
        <test-method is-config="true" signature="tearDown()[pri:0, instance:tests.FintechTestRunner@cc43f62]" started-at="2026-06-29T09:11:15 IST" name="tearDown" finished-at="2026-06-29T09:11:16 IST" duration-ms="257" status="PASS">
          <reporter-output>
          </reporter-output>
        </test-method> <!-- tearDown -->
        <test-method is-config="true" signature="setUp()[pri:0, instance:tests.FintechTestRunner@cc43f62]" started-at="2026-06-29T09:11:16 IST" name="setUp" finished-at="2026-06-29T09:11:17 IST" duration-ms="1276" status="PASS">
          <reporter-output>
          </reporter-output>
        </test-method> <!-- setUp -->
        <test-method signature="executeFintechPaymentScenario(java.lang.String,java.lang.String,java.lang.String,java.lang.String,java.lang.String,java.lang.String,java.lang.String,java.lang.String,java.lang.String,java.lang.String,java.lang.String)[pri:0, instance:tests.FintechTestRunner@cc43f62]" started-at="2026-06-29T09:11:17 IST" name="executeFintechPaymentScenario" data-provider="paymentScenarios" finished-at="2026-06-29T09:11:31 IST" duration-ms="13902" status="PASS">
          <params>
            <param index="0">
              <value>
                <![CDATA[TC009_High_Value_Volume_Latency_Spike]]>
              </value>
            </param>
            <param index="1">
              <value>
                <![CDATA[TC009_High_Value_Volume_Latency_Spike]]>
              </value>
            </param>
            <param index="2">
              <value>
                <![CDATA[sk_live_regression_default]]>
              </value>
            </param>
            <param index="3">
              <value>
                <![CDATA[400222]]>
              </value>
            </param>
            <param index="4">
              <value>
                <![CDATA[CustomerPayBillOnline]]>
              </value>
            </param>
            <param index="5">
              <value>
                <![CDATA[+12025550166]]>
              </value>
            </param>
            <param index="6">
              <value>
                <![CDATA[750000]]>
              </value>
            </param>
            <param index="7">
              <value>
                <![CDATA[Kenji Tanaka]]>
              </value>
            </param>
            <param index="8">
              <value>
                <![CDATA[NETWORK_LAG]]>
              </value>
            </param>
            <param index="9">
              <value>
                <![CDATA[Response Code [200] OK - Callback Received: [0] Success (Transaction Completed)]]>
              </value>
            </param>
            <param index="10">
              <value>
                <![CDATA[regression_suite.json]]>
              </value>
            </param>
          </params>
          <reporter-output>
          </reporter-output>
        </test-method> <!-- executeFintechPaymentScenario -->
        <test-method is-config="true" signature="tearDown()[pri:0, instance:tests.FintechTestRunner@cc43f62]" started-at="2026-06-29T09:11:31 IST" name="tearDown" finished-at="2026-06-29T09:11:31 IST" duration-ms="430" status="PASS">
          <reporter-output>
          </reporter-output>
        </test-method> <!-- tearDown -->
        <test-method is-config="true" signature="setUp()[pri:0, instance:tests.FintechTestRunner@cc43f62]" started-at="2026-06-29T09:11:31 IST" name="setUp" finished-at="2026-06-29T09:11:32 IST" duration-ms="1164" status="PASS">
          <reporter-output>
          </reporter-output>
        </test-method> <!-- setUp -->
        <test-method signature="executeFintechPaymentScenario(java.lang.String,java.lang.String,java.lang.String,java.lang.String,java.lang.String,java.lang.String,java.lang.String,java.lang.String,java.lang.String,java.lang.String,java.lang.String)[pri:0, instance:tests.FintechTestRunner@cc43f62]" started-at="2026-06-29T09:11:32 IST" name="executeFintechPaymentScenario" data-provider="paymentScenarios" finished-at="2026-06-29T09:11:36 IST" duration-ms="3846" status="PASS">
          <params>
            <param index="0">
              <value>
                <![CDATA[TC010_System_Audit_Boundary_Dropout]]>
              </value>
            </param>
            <param index="1">
              <value>
                <![CDATA[TC010_System_Audit_Boundary_Dropout]]>
              </value>
            </param>
            <param index="2">
              <value>
                <![CDATA[sk_live_regression_default]]>
              </value>
            </param>
            <param index="3">
              <value>
                <![CDATA[400222]]>
              </value>
            </param>
            <param index="4">
              <value>
                <![CDATA[CustomerPayBillOnline]]>
              </value>
            </param>
            <param index="5">
              <value>
                <![CDATA[+442079460188]]>
              </value>
            </param>
            <param index="6">
              <value>
                <![CDATA[500000]]>
              </value>
            </param>
            <param index="7">
              <value>
                <![CDATA[Chloe Fraser]]>
              </value>
            </param>
            <param index="8">
              <value>
                <![CDATA[GATEWAY_TIMEOUT]]>
              </value>
            </param>
            <param index="9">
              <value>
                <![CDATA[Response Code [504] Gateway Timeout - Mobile Money Network (MMN) Core Rail Unreachable]]>
              </value>
            </param>
            <param index="10">
              <value>
                <![CDATA[regression_suite.json]]>
              </value>
            </param>
          </params>
          <reporter-output>
          </reporter-output>
        </test-method> <!-- executeFintechPaymentScenario -->
        <test-method is-config="true" signature="tearDown()[pri:0, instance:tests.FintechTestRunner@cc43f62]" started-at="2026-06-29T09:11:36 IST" name="tearDown" finished-at="2026-06-29T09:11:37 IST" duration-ms="275" status="PASS">
          <reporter-output>
          </reporter-output>
        </test-method> <!-- tearDown -->
        <test-method is-config="true" signature="flushExtentReport()[pri:0, instance:tests.FintechTestRunner@cc43f62]" started-at="2026-06-29T09:11:37 IST" name="flushExtentReport" finished-at="2026-06-29T09:11:37 IST" duration-ms="441" status="PASS">
          <reporter-output>
          </reporter-output>
        </test-method> <!-- flushExtentReport -->
      </class> <!-- tests.FintechTestRunner -->
    </test> <!-- Phase 2 — Boundary Regression Matrix -->
  </suite> <!-- Global Fintech Gateway Automation Suite -->
</testng-results>
