<?xml version="1.0" encoding="UTF-8"?>
<testsuite xmlns:xsi="http://www.w3.org/2001/XMLSchema-instance" xsi:noNamespaceSchemaLocation="https://maven.apache.org/surefire/maven-surefire-plugin/xsd/surefire-test-report-3.0.xsd" version="3.0" name="TestSuite" time="126.791" tests="14" errors="0" skipped="0" failures="0">
  <properties>
[...]
</properties>
  <testcase name="executeFintechPaymentScenario[TC-001, Standard Pass, sk_live_51Nx8842US001, 400222, CustomerPayBillOnline, 12025551234, 2500, INV-2026-US-001, NORMAL, Response Code [200] OK - Callback Received: [0] Success (Transaction Completed), payment_data.json](1)" classname="tests.FintechTestRunner" time="7.48">
    <system-out><![CDATA[...
... TestNG 7.9.0 by Cédric Beust (cedric@beust.com)
...

]]></system-out>
    <system-err><![CDATA[SLF4J: Failed to load class "org.slf4j.impl.StaticLoggerBinder".
SLF4J: Defaulting to no-operation (NOP) logger implementation
SLF4J: See http://www.slf4j.org/codes.html#StaticLoggerBinder for further details.
Jun 29, 2026 9:09:36 AM org.openqa.selenium.devtools.CdpVersionFinder findNearestMatch
WARNING: Unable to find CDP implementation matching 149
Jun 29, 2026 9:09:36 AM org.openqa.selenium.chromium.ChromiumDriver lambda$new$5
WARNING: Unable to find version of CDP to use for 149.0.7827.103. You may need to include a dependency on a specific version of the CDP using something similar to `org.seleniumhq.selenium:selenium-devtools-v86:4.18.1` where the version ("v86") matches the version of the chromium-based browser you're using and the version number of the artifact is the same as Selenium's.
]]></system-err>
  </testcase>
  <testcase name="executeFintechPaymentScenario[TC-002, Resilience Spike, sk_live_51Nx8842US002, 400222, CustomerPayBillOnline, 12025559876, 8750.5, INV-2026-US-002, NETWORK_LAG, Response Code [200] OK - Callback Received: [0] Success (Transaction Completed), payment_data.json](2)" classname="tests.FintechTestRunner" time="14.425">
    <system-err><![CDATA[Jun 29, 2026 9:09:45 AM org.openqa.selenium.devtools.CdpVersionFinder findNearestMatch
WARNING: Unable to find CDP implementation matching 149
Jun 29, 2026 9:09:45 AM org.openqa.selenium.chromium.ChromiumDriver lambda$new$5
WARNING: Unable to find version of CDP to use for 149.0.7827.103. You may need to include a dependency on a specific version of the CDP using something similar to `org.seleniumhq.selenium:selenium-devtools-v86:4.18.1` where the version ("v86") matches the version of the chromium-based browser you're using and the version number of the artifact is the same as Selenium's.
]]></system-err>
  </testcase>
  <testcase name="executeFintechPaymentScenario[TC-003, Compliance Drop, sk_live_51Nx8842US003, 400222, CustomerPayBillOnline, 12025551122, 15000000, INV-2026-US-HIGH-VALUE, GATEWAY_TIMEOUT, Response Code [504] Gateway Timeout - Mobile Money Network (MMN) Core Rail Unreachable, payment_data.json](3)" classname="tests.FintechTestRunner" time="4.245">
    <system-err><![CDATA[Jun 29, 2026 9:10:01 AM org.openqa.selenium.devtools.CdpVersionFinder findNearestMatch
WARNING: Unable to find CDP implementation matching 149
Jun 29, 2026 9:10:01 AM org.openqa.selenium.chromium.ChromiumDriver lambda$new$5
WARNING: Unable to find version of CDP to use for 149.0.7827.103. You may need to include a dependency on a specific version of the CDP using something similar to `org.seleniumhq.selenium:selenium-devtools-v86:4.18.1` where the version ("v86") matches the version of the chromium-based browser you're using and the version number of the artifact is the same as Selenium's.
]]></system-err>
  </testcase>
  <testcase name="executeFintechPaymentScenario[TC-004, Cross-Border Validation, sk_live_51Nx2291EU004, 600100, CustomerBuyGoodsOnline, 4915123456789, 45000, INV-2026-EU-004, NORMAL, Response Code [200] OK - Callback Received: [0] Success (Transaction Completed), payment_data.json](4)" classname="tests.FintechTestRunner" time="4.352">
    <system-err><![CDATA[Jun 29, 2026 9:10:07 AM org.openqa.selenium.devtools.CdpVersionFinder findNearestMatch
WARNING: Unable to find CDP implementation matching 149
Jun 29, 2026 9:10:07 AM org.openqa.selenium.chromium.ChromiumDriver lambda$new$5
WARNING: Unable to find version of CDP to use for 149.0.7827.103. You may need to include a dependency on a specific version of the CDP using something similar to `org.seleniumhq.selenium:selenium-devtools-v86:4.18.1` where the version ("v86") matches the version of the chromium-based browser you're using and the version number of the artifact is the same as Selenium's.
]]></system-err>
  </testcase>
  <testcase name="executeFintechPaymentScenario[TC001_Standard_Base_Currency_Pass, TC001_Standard_Base_Currency_Pass, sk_live_regression_default, 400222, CustomerPayBillOnline, +12025550143, 1500, Dhiraj Autade, NORMAL, Response Code [200] OK - Callback Received: [0] Success (Transaction Completed), regression_suite.json](1)" classname="tests.FintechTestRunner" time="4.026">
    <system-err><![CDATA[Jun 29, 2026 9:10:13 AM org.openqa.selenium.devtools.CdpVersionFinder findNearestMatch
WARNING: Unable to find CDP implementation matching 149
Jun 29, 2026 9:10:13 AM org.openqa.selenium.chromium.ChromiumDriver lambda$new$5
WARNING: Unable to find version of CDP to use for 149.0.7827.103. You may need to include a dependency on a specific version of the CDP using something similar to `org.seleniumhq.selenium:selenium-devtools-v86:4.18.1` where the version ("v86") matches the version of the chromium-based browser you're using and the version number of the artifact is the same as Selenium's.
]]></system-err>
  </testcase>
  <testcase name="executeFintechPaymentScenario[TC002_Network_Core_Latency_Spike, TC002_Network_Core_Latency_Spike, sk_live_regression_default, 400222, CustomerPayBillOnline, +12025550198, 2500, John Doe, NETWORK_LAG, Response Code [200] OK - Callback Received: [0] Success (Transaction Completed), regression_suite.json](2)" classname="tests.FintechTestRunner" time="13.744">
    <system-err><![CDATA[Jun 29, 2026 9:10:18 AM org.openqa.selenium.devtools.CdpVersionFinder findNearestMatch
WARNING: Unable to find CDP implementation matching 149
Jun 29, 2026 9:10:18 AM org.openqa.selenium.chromium.ChromiumDriver lambda$new$5
WARNING: Unable to find version of CDP to use for 149.0.7827.103. You may need to include a dependency on a specific version of the CDP using something similar to `org.seleniumhq.selenium:selenium-devtools-v86:4.18.1` where the version ("v86") matches the version of the chromium-based browser you're using and the version number of the artifact is the same as Selenium's.
]]></system-err>
  </testcase>
  <testcase name="executeFintechPaymentScenario[TC003_Regulatory_Gateway_Dropout, TC003_Regulatory_Gateway_Dropout, sk_live_regression_default, 400222, CustomerPayBillOnline, +12025550177, 50000, Jane Smith, GATEWAY_TIMEOUT, Response Code [504] Gateway Timeout - Mobile Money Network (MMN) Core Rail Unreachable, regression_suite.json](3)" classname="tests.FintechTestRunner" time="3.605">
    <system-err><![CDATA[Jun 29, 2026 9:10:34 AM org.openqa.selenium.devtools.CdpVersionFinder findNearestMatch
WARNING: Unable to find CDP implementation matching 149
Jun 29, 2026 9:10:34 AM org.openqa.selenium.chromium.ChromiumDriver lambda$new$5
WARNING: Unable to find version of CDP to use for 149.0.7827.103. You may need to include a dependency on a specific version of the CDP using something similar to `org.seleniumhq.selenium:selenium-devtools-v86:4.18.1` where the version ("v86") matches the version of the chromium-based browser you're using and the version number of the artifact is the same as Selenium's.
]]></system-err>
  </testcase>
  <testcase name="executeFintechPaymentScenario[TC004_Cross_Border_Secondary_Currency_Pass, TC004_Cross_Border_Secondary_Currency_Pass, sk_live_regression_default, 400222, CustomerPayBillOnline, +442079460192, 850, Alex Mercer, NORMAL, Response Code [200] OK - Callback Received: [0] Success (Transaction Completed), regression_suite.json](4)" classname="tests.FintechTestRunner" time="4.645">
    <system-err><![CDATA[Jun 29, 2026 9:10:39 AM org.openqa.selenium.devtools.CdpVersionFinder findNearestMatch
WARNING: Unable to find CDP implementation matching 149
Jun 29, 2026 9:10:39 AM org.openqa.selenium.chromium.ChromiumDriver lambda$new$5
WARNING: Unable to find version of CDP to use for 149.0.7827.103. You may need to include a dependency on a specific version of the CDP using something similar to `org.seleniumhq.selenium:selenium-devtools-v86:4.18.1` where the version ("v86") matches the version of the chromium-based browser you're using and the version number of the artifact is the same as Selenium's.
]]></system-err>
  </testcase>
  <testcase name="executeFintechPaymentScenario[TC005_Cross_Border_Latency_Spike, TC005_Cross_Border_Latency_Spike, sk_live_regression_default, 400222, CustomerPayBillOnline, +442079460111, 1200, Elena Rostova, NETWORK_LAG, Response Code [200] OK - Callback Received: [0] Success (Transaction Completed), regression_suite.json](5)" classname="tests.FintechTestRunner" time="14.18">
    <system-err><![CDATA[Jun 29, 2026 9:10:45 AM org.openqa.selenium.devtools.CdpVersionFinder findNearestMatch
WARNING: Unable to find CDP implementation matching 149
Jun 29, 2026 9:10:45 AM org.openqa.selenium.chromium.ChromiumDriver lambda$new$5
WARNING: Unable to find version of CDP to use for 149.0.7827.103. You may need to include a dependency on a specific version of the CDP using something similar to `org.seleniumhq.selenium:selenium-devtools-v86:4.18.1` where the version ("v86") matches the version of the chromium-based browser you're using and the version number of the artifact is the same as Selenium's.
]]></system-err>
  </testcase>
  <testcase name="executeFintechPaymentScenario[TC006_Secondary_Currency_Gateway_Dropout, TC006_Secondary_Currency_Gateway_Dropout, sk_live_regression_default, 400222, CustomerPayBillOnline, +442079460144, 31000, Marcus Vance, GATEWAY_TIMEOUT, Response Code [504] Gateway Timeout - Mobile Money Network (MMN) Core Rail Unreachable, regression_suite.json](6)" classname="tests.FintechTestRunner" time="3.79">
    <system-err><![CDATA[Jun 29, 2026 9:11:01 AM org.openqa.selenium.devtools.CdpVersionFinder findNearestMatch
WARNING: Unable to find CDP implementation matching 149
Jun 29, 2026 9:11:01 AM org.openqa.selenium.chromium.ChromiumDriver lambda$new$5
WARNING: Unable to find version of CDP to use for 149.0.7827.103. You may need to include a dependency on a specific version of the CDP using something similar to `org.seleniumhq.selenium:selenium-devtools-v86:4.18.1` where the version ("v86") matches the version of the chromium-based browser you're using and the version number of the artifact is the same as Selenium's.
]]></system-err>
  </testcase>
  <testcase name="executeFintechPaymentScenario[TC007_Micro_Transaction_Boundary_Validation, TC007_Micro_Transaction_Boundary_Validation, sk_live_regression_default, 400222, CustomerPayBillOnline, +12025550122, 1, Siddharth Rao, NORMAL, Response Code [200] OK - Callback Received: [0] Success (Transaction Completed), regression_suite.json](7)" classname="tests.FintechTestRunner" time="4.099">
    <system-err><![CDATA[Jun 29, 2026 9:11:06 AM org.openqa.selenium.devtools.CdpVersionFinder findNearestMatch
WARNING: Unable to find CDP implementation matching 149
Jun 29, 2026 9:11:06 AM org.openqa.selenium.chromium.ChromiumDriver lambda$new$5
WARNING: Unable to find version of CDP to use for 149.0.7827.103. You may need to include a dependency on a specific version of the CDP using something similar to `org.seleniumhq.selenium:selenium-devtools-v86:4.18.1` where the version ("v86") matches the version of the chromium-based browser you're using and the version number of the artifact is the same as Selenium's.
]]></system-err>
  </testcase>
  <testcase name="executeFintechPaymentScenario[TC008_High_Value_Volume_Limit_Check, TC008_High_Value_Volume_Limit_Check, sk_live_regression_default, 400222, CustomerPayBillOnline, +12025550155, 999999, Amara Diallo, NORMAL, Response Code [200] OK - Callback Received: [0] Success (Transaction Completed), regression_suite.json](8)" classname="tests.FintechTestRunner" time="3.857">
    <system-err><![CDATA[Jun 29, 2026 9:11:12 AM org.openqa.selenium.devtools.CdpVersionFinder findNearestMatch
WARNING: Unable to find CDP implementation matching 149
Jun 29, 2026 9:11:12 AM org.openqa.selenium.chromium.ChromiumDriver lambda$new$5
WARNING: Unable to find version of CDP to use for 149.0.7827.103. You may need to include a dependency on a specific version of the CDP using something similar to `org.seleniumhq.selenium:selenium-devtools-v86:4.18.1` where the version ("v86") matches the version of the chromium-based browser you're using and the version number of the artifact is the same as Selenium's.
]]></system-err>
  </testcase>
  <testcase name="executeFintechPaymentScenario[TC009_High_Value_Volume_Latency_Spike, TC009_High_Value_Volume_Latency_Spike, sk_live_regression_default, 400222, CustomerPayBillOnline, +12025550166, 750000, Kenji Tanaka, NETWORK_LAG, Response Code [200] OK - Callback Received: [0] Success (Transaction Completed), regression_suite.json](9)" classname="tests.FintechTestRunner" time="13.896">
    <system-err><![CDATA[Jun 29, 2026 9:11:17 AM org.openqa.selenium.devtools.CdpVersionFinder findNearestMatch
WARNING: Unable to find CDP implementation matching 149
Jun 29, 2026 9:11:17 AM org.openqa.selenium.chromium.ChromiumDriver lambda$new$5
WARNING: Unable to find version of CDP to use for 149.0.7827.103. You may need to include a dependency on a specific version of the CDP using something similar to `org.seleniumhq.selenium:selenium-devtools-v86:4.18.1` where the version ("v86") matches the version of the chromium-based browser you're using and the version number of the artifact is the same as Selenium's.
]]></system-err>
  </testcase>
  <testcase name="executeFintechPaymentScenario[TC010_System_Audit_Boundary_Dropout, TC010_System_Audit_Boundary_Dropout, sk_live_regression_default, 400222, CustomerPayBillOnline, +442079460188, 500000, Chloe Fraser, GATEWAY_TIMEOUT, Response Code [504] Gateway Timeout - Mobile Money Network (MMN) Core Rail Unreachable, regression_suite.json](10)" classname="tests.FintechTestRunner" time="3.844">
    <system-err><![CDATA[Jun 29, 2026 9:11:32 AM org.openqa.selenium.devtools.CdpVersionFinder findNearestMatch
WARNING: Unable to find CDP implementation matching 149
Jun 29, 2026 9:11:32 AM org.openqa.selenium.chromium.ChromiumDriver lambda$new$5
WARNING: Unable to find version of CDP to use for 149.0.7827.103. You may need to include a dependency on a specific version of the CDP using something similar to `org.seleniumhq.selenium:selenium-devtools-v86:4.18.1` where the version ("v86") matches the version of the chromium-based browser you're using and the version number of the artifact is the same as Selenium's.
]]></system-err>
  </testcase>
</testsuite>