<?xml version="1.0" encoding="UTF-8"?>
<!-- Generated by org.testng.reporters.JUnitXMLReporter -->
<testsuite ignored="0" hostname="Dhiraj_Autade" failures="0" tests="10" name="Phase 2 — Boundary Regression Matrix" time="85.181" errors="0" timestamp="2026-06-29T09:11:37 IST">
  <testcase classname="tests.FintechTestRunner" name="executeFintechPaymentScenario" time="4.025"/>
  <testcase classname="tests.FintechTestRunner" name="executeFintechPaymentScenario" time="13.749"/>
  <testcase classname="tests.FintechTestRunner" name="executeFintechPaymentScenario" time="3.607"/>
  <testcase classname="tests.FintechTestRunner" name="executeFintechPaymentScenario" time="4.646"/>
  <testcase classname="tests.FintechTestRunner" name="executeFintechPaymentScenario" time="14.182"/>
  <testcase classname="tests.FintechTestRunner" name="executeFintechPaymentScenario" time="3.78"/>
  <testcase classname="tests.FintechTestRunner" name="executeFintechPaymentScenario" time="4.099"/>
  <testcase classname="tests.FintechTestRunner" name="executeFintechPaymentScenario" time="3.857"/>
  <testcase classname="tests.FintechTestRunner" name="executeFintechPaymentScenario" time="13.902"/>
  <testcase classname="tests.FintechTestRunner" name="executeFintechPaymentScenario" time="3.846"/>
</testsuite> <!-- Phase 2 — Boundary Regression Matrix -->
