<?xml version="1.0" encoding="UTF-8"?>
<!-- Generated by org.testng.reporters.JUnitXMLReporter -->
<testsuite ignored="0" hostname="Dhiraj_Autade" failures="0" tests="4" name="Phase 1 — Smoke Validation Matrix" time="39.787" errors="0" timestamp="2026-06-29T09:10:11 IST">
  <testcase classname="tests.FintechTestRunner" name="executeFintechPaymentScenario" time="7.474"/>
  <testcase classname="tests.FintechTestRunner" name="executeFintechPaymentScenario" time="14.425"/>
  <testcase classname="tests.FintechTestRunner" name="executeFintechPaymentScenario" time="4.246"/>
  <testcase classname="tests.FintechTestRunner" name="executeFintechPaymentScenario" time="4.354"/>
</testsuite> <!-- Phase 1 — Smoke Validation Matrix -->
