<?xml version="1.0" encoding="UTF-8"?>
<!-- Generated by org.testng.reporters.JUnitReportReporter -->
<testsuite hostname="Dhiraj_Autade" failures="0" tests="14" name="tests.FintechTestRunner" time="124.656" errors="0" timestamp="2026-06-29T09:11:37 IST" skipped="0">
  <testcase classname="tests.FintechTestRunner" name="executeFintechPaymentScenario" time="15.239"/>
  <testcase classname="tests.FintechTestRunner" name="executeFintechPaymentScenario" time="5.583"/>
  <testcase classname="tests.FintechTestRunner" name="executeFintechPaymentScenario" time="15.991"/>
  <testcase classname="tests.FintechTestRunner" name="executeFintechPaymentScenario" time="15.646"/>
  <testcase classname="tests.FintechTestRunner" name="executeFintechPaymentScenario" time="5.605"/>
  <testcase classname="tests.FintechTestRunner" name="executeFintechPaymentScenario" time="5.183"/>
  <testcase classname="tests.FintechTestRunner" name="executeFintechPaymentScenario" time="9.083"/>
  <testcase classname="tests.FintechTestRunner" name="executeFintechPaymentScenario" time="15.433"/>
  <testcase classname="tests.FintechTestRunner" name="executeFintechPaymentScenario" time="5.961"/>
  <testcase classname="tests.FintechTestRunner" name="executeFintechPaymentScenario" time="5.505"/>
  <testcase classname="tests.FintechTestRunner" name="executeFintechPaymentScenario" time="8.477"/>
  <testcase classname="tests.FintechTestRunner" name="executeFintechPaymentScenario" time="5.352"/>
  <testcase classname="tests.FintechTestRunner" name="executeFintechPaymentScenario" time="5.901"/>
  <testcase classname="tests.FintechTestRunner" name="executeFintechPaymentScenario" time="5.697"/>
</testsuite> <!-- tests.FintechTestRunner -->
